2019-09-14 12:52:35,387 DEBUG [Shopping] Validating runmode for Shopping in suite FlipkartShopping
2019-09-14 12:52:35,857 DEBUG [Shopping] Executing test: Shopping
2019-09-14 12:52:53,650 DEBUG [Shopping] navigate :Mozilla
2019-09-14 12:53:01,781 DEBUG [Shopping] navigate :Flipkart_url
2019-09-14 12:53:01,782 DEBUG [Shopping] wait :5000
2019-09-14 12:53:06,791 DEBUG [Shopping] wait :2000
2019-09-14 12:53:08,792 DEBUG [Shopping] getting Element :username_xpath
2019-09-14 12:53:08,792 DEBUG [Shopping] wait :2000
2019-09-14 12:53:11,012 DEBUG [Shopping]  data Entery :username_xpath
2019-09-14 12:53:11,012 DEBUG [Shopping] getting Element :pwd_xpath
2019-09-14 12:53:11,012 DEBUG [Shopping] wait :2000
2019-09-14 12:53:13,118 DEBUG [Shopping]  data Entery :pwd_xpath
2019-09-14 12:53:13,118 DEBUG [Shopping] getting Element :login_xpath
2019-09-14 12:53:13,118 DEBUG [Shopping] wait :2000
2019-09-14 12:53:18,386 DEBUG [Shopping] click :login_xpath
2019-09-14 12:53:18,386 DEBUG [Shopping] wait :1000
2019-09-14 12:53:19,435 DEBUG [Shopping] IsElement Present? :userName_xpath
2019-09-14 12:53:19,473 DEBUG [Shopping] -----------ImplicitWait- for 30
2019-09-14 12:53:19,473 DEBUG [Shopping] ------------------------Asserting Test Result----------------------------------
2019-09-14 12:53:19,481 DEBUG [Shopping] Loggedinto flipkart account succesfully
2019-09-14 12:53:19,482 DEBUG [Shopping] wait :5000
2019-09-14 12:53:24,483 DEBUG [Shopping] getting Element :searchProducts_xpath
2019-09-14 12:53:24,483 DEBUG [Shopping] wait :2000
2019-09-14 12:53:26,637 DEBUG [Shopping]  data Entery :searchProducts_xpath
2019-09-14 12:53:26,637 DEBUG [Shopping] wait :1000
2019-09-14 12:53:27,637 DEBUG [Shopping] Enter Keys :ENTER
2019-09-14 12:53:27,637 DEBUG [Shopping] getting Element :searchProducts_xpath
2019-09-14 12:53:27,637 DEBUG [Shopping] wait :2000
2019-09-14 12:53:29,831 DEBUG [Shopping] wait :5000
2019-09-14 12:53:34,831 DEBUG [Shopping] selecting frm drpdwn :setMinPrice_xpath
2019-09-14 12:53:34,861 DEBUG [Shopping] getting Element :setMinPrice_xpath
2019-09-14 12:53:34,861 DEBUG [Shopping] wait :2000
2019-09-14 12:53:37,639 DEBUG [Shopping] wait :8000
2019-09-14 12:53:45,664 DEBUG [Shopping] IsElement Present? :Result_xpath
2019-09-14 12:53:45,672 DEBUG [Shopping] -----------ImplicitWait- for 30
2019-09-14 12:53:45,672 DEBUG [Shopping] ------------------------Asserting Test Result----------------------------------
2019-09-14 12:53:45,672 DEBUG [Shopping] convert string to integer:ResultPrice_xpath
2019-09-14 12:53:45,672 DEBUG [Shopping] getting Element :ResultPrice_xpath
2019-09-14 12:53:45,672 DEBUG [Shopping] wait :2000
2019-09-14 12:53:47,729 DEBUG [Shopping] getting Element :ResultPrice_xpath
2019-09-14 12:53:47,729 DEBUG [Shopping] wait :2000
2019-09-14 12:53:49,768 DEBUG [Shopping] -----------ImplicitWait- for 30
2019-09-14 12:53:49,768 DEBUG [Shopping] ------------------------Asserting Test Result----------------------------------
2019-09-14 12:53:49,828 DEBUG [Shopping] Validating runmode for Shopping in suite FlipkartShopping
2019-09-14 12:53:50,039 DEBUG [Shopping] Executing test: Shopping
2019-09-14 12:54:33,933 DEBUG [Shopping] navigate :Mozilla
2019-09-14 12:54:52,632 DEBUG [Shopping] navigate :Flipkart_url
2019-09-14 12:54:52,632 DEBUG [Shopping] wait :5000
2019-09-14 12:54:57,632 DEBUG [Shopping] wait :2000
2019-09-14 12:54:59,632 DEBUG [Shopping] getting Element :username_xpath
2019-09-14 12:54:59,632 DEBUG [Shopping] wait :2000
2019-09-14 12:55:02,570 DEBUG [Shopping]  data Entery :username_xpath
2019-09-14 12:55:02,573 DEBUG [Shopping] getting Element :pwd_xpath
2019-09-14 12:55:02,574 DEBUG [Shopping] wait :2000
2019-09-14 12:55:04,713 DEBUG [Shopping]  data Entery :pwd_xpath
2019-09-14 12:55:04,713 DEBUG [Shopping] getting Element :login_xpath
2019-09-14 12:55:04,713 DEBUG [Shopping] wait :2000
2019-09-14 12:55:12,660 DEBUG [Shopping] click :login_xpath
2019-09-14 12:55:12,660 DEBUG [Shopping] wait :1000
2019-09-14 12:55:13,708 DEBUG [Shopping] IsElement Present? :userName_xpath
2019-09-14 12:55:13,733 DEBUG [Shopping] -----------ImplicitWait- for 30
2019-09-14 12:55:13,733 DEBUG [Shopping] ------------------------Asserting Test Result----------------------------------
2019-09-14 12:55:13,733 DEBUG [Shopping] Loggedinto flipkart account succesfully
2019-09-14 12:55:13,733 DEBUG [Shopping] wait :5000
2019-09-14 12:55:18,734 DEBUG [Shopping] getting Element :searchProducts_xpath
2019-09-14 12:55:18,734 DEBUG [Shopping] wait :2000
2019-09-14 12:55:20,908 DEBUG [Shopping]  data Entery :searchProducts_xpath
2019-09-14 12:55:20,908 DEBUG [Shopping] wait :1000
2019-09-14 12:55:21,908 DEBUG [Shopping] Enter Keys :ENTER
2019-09-14 12:55:21,908 DEBUG [Shopping] getting Element :searchProducts_xpath
2019-09-14 12:55:21,908 DEBUG [Shopping] wait :2000
2019-09-14 12:55:24,252 DEBUG [Shopping] wait :5000
2019-09-14 12:55:29,253 DEBUG [Shopping] selecting frm drpdwn :setMinPrice_xpath
2019-09-14 12:55:29,253 DEBUG [Shopping] getting Element :setMinPrice_xpath
2019-09-14 12:55:29,253 DEBUG [Shopping] wait :2000
2019-09-14 12:56:03,178 DEBUG [Shopping] Validating runmode for Shopping in suite FlipkartShopping
2019-09-14 12:56:04,263 DEBUG [Shopping] Executing test: Shopping
2019-09-14 12:56:42,262 DEBUG [Shopping] navigate :Mozilla
2019-09-14 12:56:56,531 DEBUG [Shopping] navigate :Flipkart_url
2019-09-14 12:56:56,532 DEBUG [Shopping] wait :5000
2019-09-14 12:57:01,534 DEBUG [Shopping] wait :2000
2019-09-14 12:57:03,541 DEBUG [Shopping] getting Element :username_xpath
2019-09-14 12:57:03,541 DEBUG [Shopping] wait :2000
2019-09-14 12:57:05,785 DEBUG [Shopping]  data Entery :username_xpath
2019-09-14 12:57:05,785 DEBUG [Shopping] getting Element :pwd_xpath
2019-09-14 12:57:05,785 DEBUG [Shopping] wait :2000
2019-09-14 12:57:07,847 DEBUG [Shopping]  data Entery :pwd_xpath
2019-09-14 12:57:07,847 DEBUG [Shopping] getting Element :login_xpath
2019-09-14 12:57:07,847 DEBUG [Shopping] wait :2000
2019-09-14 12:57:10,610 DEBUG [Shopping] click :login_xpath
2019-09-14 12:57:10,611 DEBUG [Shopping] wait :1000
2019-09-14 12:57:13,046 DEBUG [Shopping] IsElement Present? :userName_xpath
2019-09-14 12:57:13,056 DEBUG [Shopping] -----------ImplicitWait- for 30
2019-09-14 12:57:13,056 DEBUG [Shopping] ------------------------Asserting Test Result----------------------------------
2019-09-14 12:57:13,056 DEBUG [Shopping] Loggedinto flipkart account succesfully
2019-09-14 12:57:13,056 DEBUG [Shopping] wait :5000
2019-09-14 12:57:18,056 DEBUG [Shopping] getting Element :searchProducts_xpath
2019-09-14 12:57:18,056 DEBUG [Shopping] wait :2000
2019-09-14 12:57:20,213 DEBUG [Shopping]  data Entery :searchProducts_xpath
2019-09-14 12:57:20,213 DEBUG [Shopping] wait :1000
2019-09-14 12:57:21,249 DEBUG [Shopping] Enter Keys :ENTER
2019-09-14 12:57:21,249 DEBUG [Shopping] getting Element :searchProducts_xpath
2019-09-14 12:57:21,249 DEBUG [Shopping] wait :2000
2019-09-14 12:57:25,000 DEBUG [Shopping] wait :5000
2019-09-14 12:57:30,000 DEBUG [Shopping] selecting frm drpdwn :setMinPrice_xpath
2019-09-14 12:57:30,000 DEBUG [Shopping] getting Element :setMinPrice_xpath
2019-09-14 12:57:30,000 DEBUG [Shopping] wait :2000
2019-09-14 12:57:33,749 DEBUG [Shopping] wait :8000
2019-09-14 12:57:42,548 DEBUG [Shopping] IsElement Present? :Result_xpath
2019-09-14 12:57:42,568 DEBUG [Shopping] -----------ImplicitWait- for 30
2019-09-14 12:57:42,568 DEBUG [Shopping] ------------------------Asserting Test Result----------------------------------
2019-09-14 12:57:42,568 DEBUG [Shopping] convert string to integer:ResultPrice_xpath
2019-09-14 12:57:42,568 DEBUG [Shopping] getting Element :ResultPrice_xpath
2019-09-14 12:57:42,568 DEBUG [Shopping] wait :2000
2019-09-14 12:57:45,164 DEBUG [Shopping] getting Element :ResultPrice_xpath
2019-09-14 12:57:45,164 DEBUG [Shopping] wait :2000
2019-09-14 12:57:47,395 DEBUG [Shopping] -----------ImplicitWait- for 30
2019-09-14 12:57:47,395 DEBUG [Shopping] ------------------------Asserting Test Result----------------------------------
2019-09-14 12:57:49,247 DEBUG [Shopping] quitBrowser :
