2019-09-14 12:34:00,384 DEBUG [Shopping] Validating runmode for Shopping in suite FlipkartShopping
2019-09-14 12:34:00,570 DEBUG [Shopping] Executing test: Shopping
2019-09-14 12:34:18,854 DEBUG [Shopping] navigate :Mozilla
2019-09-14 12:34:27,198 DEBUG [Shopping] navigate :Flipkart_url
2019-09-14 12:34:27,198 DEBUG [Shopping] wait :5000
2019-09-14 12:34:32,200 DEBUG [Shopping] wait :2000
2019-09-14 12:34:34,204 DEBUG [Shopping] getting Element :username_xpath
2019-09-14 12:34:34,204 DEBUG [Shopping] wait :2000
2019-09-14 12:34:38,573 DEBUG [Shopping] Validating runmode for Shopping in suite FlipkartShopping
2019-09-14 12:34:38,751 DEBUG [Shopping] Executing test: Shopping
2019-09-14 12:34:50,495 DEBUG [Shopping] navigate :Mozilla
2019-09-14 12:34:57,798 DEBUG [Shopping] navigate :Flipkart_url
2019-09-14 12:34:57,798 DEBUG [Shopping] wait :5000
2019-09-14 12:35:02,798 DEBUG [Shopping] wait :2000
2019-09-14 12:35:04,800 DEBUG [Shopping] getting Element :username_xpath
2019-09-14 12:35:04,800 DEBUG [Shopping] wait :2000
2019-09-14 12:35:07,066 DEBUG [Shopping]  data Entery :username_xpath
2019-09-14 12:35:07,066 DEBUG [Shopping] getting Element :pwd_xpath
2019-09-14 12:35:07,066 DEBUG [Shopping] wait :2000
2019-09-14 12:35:09,161 DEBUG [Shopping]  data Entery :pwd_xpath
2019-09-14 12:35:09,162 DEBUG [Shopping] getting Element :login_xpath
2019-09-14 12:35:09,162 DEBUG [Shopping] wait :2000
2019-09-14 12:35:15,919 DEBUG [Shopping] click :login_xpath
2019-09-14 12:35:15,920 DEBUG [Shopping] wait :1000
2019-09-14 12:35:17,032 DEBUG [Shopping] IsElement Present? :userName_xpath
2019-09-14 12:35:17,041 DEBUG [Shopping] -----------ImplicitWait- for 30
2019-09-14 12:35:17,042 DEBUG [Shopping] ------------------------Asserting Test Result----------------------------------
2019-09-14 12:35:17,058 DEBUG [Shopping] Loggedinto flipkart account succesfully
2019-09-14 12:35:17,059 DEBUG [Shopping] wait :5000
2019-09-14 12:35:22,066 DEBUG [Shopping] getting Element :searchProducts_xpath
2019-09-14 12:35:22,066 DEBUG [Shopping] wait :2000
2019-09-14 12:35:24,288 DEBUG [Shopping]  data Entery :searchProducts_xpath
2019-09-14 12:35:24,289 DEBUG [Shopping] wait :1000
2019-09-14 12:35:25,292 DEBUG [Shopping] Enter Keys :ENTER
2019-09-14 12:35:25,292 DEBUG [Shopping] getting Element :searchProducts_xpath
2019-09-14 12:35:25,293 DEBUG [Shopping] wait :2000
2019-09-14 12:35:28,359 DEBUG [Shopping] wait :5000
2019-09-14 12:35:33,360 DEBUG [Shopping] selecting frm drpdwn :setMinPrice_xpath
2019-09-14 12:35:33,369 DEBUG [Shopping] getting Element :setMinPrice_xpath
2019-09-14 12:35:33,369 DEBUG [Shopping] wait :2000
2019-09-14 12:35:36,216 DEBUG [Shopping] wait :8000
2019-09-14 12:35:44,288 DEBUG [Shopping] IsElement Present? :Result_xpath
2019-09-14 12:35:44,308 DEBUG [Shopping] -----------ImplicitWait- for 30
2019-09-14 12:35:44,308 DEBUG [Shopping] ------------------------Asserting Test Result----------------------------------
2019-09-14 12:35:44,308 DEBUG [Shopping] convert string to integer:ResultPrice_xpath
2019-09-14 12:35:44,308 DEBUG [Shopping] getting Element :ResultPrice_xpath
2019-09-14 12:35:44,308 DEBUG [Shopping] wait :2000
2019-09-14 12:35:46,370 DEBUG [Shopping] getting Element :ResultPrice_xpath
2019-09-14 12:35:46,370 DEBUG [Shopping] wait :2000
2019-09-14 12:35:48,464 DEBUG [Shopping] -----------ImplicitWait- for 30
2019-09-14 12:35:48,464 DEBUG [Shopping] ------------------------Asserting Test Result----------------------------------
2019-09-14 12:35:48,474 DEBUG [Shopping] Validating runmode for Shopping in suite FlipkartShopping
2019-09-14 12:35:48,607 DEBUG [Shopping] Executing test: Shopping
2019-09-14 12:36:07,896 DEBUG [Shopping] navigate :Mozilla
2019-09-14 12:36:24,739 DEBUG [Shopping] navigate :Flipkart_url
2019-09-14 12:36:24,739 DEBUG [Shopping] wait :5000
2019-09-14 12:36:29,740 DEBUG [Shopping] wait :2000
2019-09-14 12:36:31,745 DEBUG [Shopping] getting Element :username_xpath
2019-09-14 12:36:31,745 DEBUG [Shopping] wait :2000
2019-09-14 12:36:39,244 DEBUG [Shopping] quitBrowser :
