2019-09-14 13:21:56,409 DEBUG [Shopping] Validating runmode for Shopping in suite FlipkartShopping
2019-09-14 13:21:56,606 DEBUG [Shopping] Executing test: Shopping
2019-09-14 13:22:12,714 DEBUG [Shopping] navigate :Mozilla
2019-09-14 13:22:24,421 DEBUG [Shopping] navigate :Flipkart_url
2019-09-14 13:22:24,421 DEBUG [Shopping] wait :5000
2019-09-14 13:22:29,426 DEBUG [Shopping] wait :2000
2019-09-14 13:22:31,436 DEBUG [Shopping] getting Element :username_xpath
2019-09-14 13:22:31,436 DEBUG [Shopping] wait :2000
2019-09-14 13:22:33,747 DEBUG [Shopping]  data Entery :username_xpath
2019-09-14 13:22:33,747 DEBUG [Shopping] getting Element :pwd_xpath
2019-09-14 13:22:33,747 DEBUG [Shopping] wait :2000
2019-09-14 13:22:36,076 DEBUG [Shopping]  data Entery :pwd_xpath
2019-09-14 13:22:36,076 DEBUG [Shopping] getting Element :login_xpath
2019-09-14 13:22:36,077 DEBUG [Shopping] wait :2000
2019-09-14 13:22:42,729 DEBUG [Shopping] click :login_xpath
2019-09-14 13:22:42,735 DEBUG [Shopping] wait :1000
2019-09-14 13:22:43,824 DEBUG [Shopping] IsElement Present? :userName_xpath
2019-09-14 13:22:43,860 DEBUG [Shopping] -----------ImplicitWait- for 30
2019-09-14 13:22:43,860 DEBUG [Shopping] ------------------------Asserting Test Result----------------------------------
2019-09-14 13:22:43,868 DEBUG [Shopping] Loggedinto flipkart account succesfully
2019-09-14 13:22:43,868 DEBUG [Shopping] wait :5000
2019-09-14 13:22:48,874 DEBUG [Shopping] getting Element :searchProducts_xpath
2019-09-14 13:22:48,874 DEBUG [Shopping] wait :2000
2019-09-14 13:22:52,052 DEBUG [Shopping]  data Entery :searchProducts_xpath
2019-09-14 13:22:52,052 DEBUG [Shopping] wait :1000
2019-09-14 13:22:53,061 DEBUG [Shopping] Enter Keys :ENTER
2019-09-14 13:22:53,061 DEBUG [Shopping] getting Element :searchProducts_xpath
2019-09-14 13:22:53,061 DEBUG [Shopping] wait :2000
2019-09-14 13:22:56,464 DEBUG [Shopping] wait :5000
2019-09-14 13:23:01,466 DEBUG [Shopping] selecting frm drpdwn :setMinPrice_xpath
2019-09-14 13:23:01,475 DEBUG [Shopping] getting Element :setMinPrice_xpath
2019-09-14 13:23:01,476 DEBUG [Shopping] wait :2000
2019-09-14 13:23:04,548 DEBUG [Shopping] wait :8000
2019-09-14 13:23:12,592 DEBUG [Shopping] IsElement Present? :Result_xpath
2019-09-14 13:23:12,612 DEBUG [Shopping] -----------ImplicitWait- for 30
2019-09-14 13:23:12,612 DEBUG [Shopping] ------------------------Asserting Test Result----------------------------------
2019-09-14 13:23:12,612 DEBUG [Shopping] convert string to integer:ResultPrice_xpath
2019-09-14 13:23:12,612 DEBUG [Shopping] getting Element :ResultPrice_xpath
2019-09-14 13:23:12,612 DEBUG [Shopping] wait :2000
2019-09-14 13:23:14,867 DEBUG [Shopping] getting Element :ResultPrice_xpath
2019-09-14 13:23:14,868 DEBUG [Shopping] wait :2000
2019-09-14 13:23:16,986 DEBUG [Shopping] -----------ImplicitWait- for 30
2019-09-14 13:23:16,986 DEBUG [Shopping] ------------------------Asserting Test Result----------------------------------
2019-09-14 13:23:17,008 DEBUG [Shopping] Validating runmode for Shopping in suite FlipkartShopping
2019-09-14 13:23:17,445 DEBUG [Shopping] Executing test: Shopping
2019-09-14 13:23:35,828 DEBUG [Shopping] navigate :Mozilla
2019-09-14 13:23:44,731 DEBUG [Shopping] navigate :Flipkart_url
2019-09-14 13:23:44,732 DEBUG [Shopping] wait :5000
2019-09-14 13:23:49,732 DEBUG [Shopping] wait :2000
2019-09-14 13:23:51,732 DEBUG [Shopping] getting Element :username_xpath
2019-09-14 13:23:51,732 DEBUG [Shopping] wait :2000
2019-09-14 13:23:54,575 DEBUG [Shopping]  data Entery :username_xpath
2019-09-14 13:23:54,576 DEBUG [Shopping] getting Element :pwd_xpath
2019-09-14 13:23:54,576 DEBUG [Shopping] wait :2000
2019-09-14 13:23:56,855 DEBUG [Shopping]  data Entery :pwd_xpath
2019-09-14 13:23:56,855 DEBUG [Shopping] getting Element :login_xpath
2019-09-14 13:23:56,855 DEBUG [Shopping] wait :2000
2019-09-14 13:24:03,648 DEBUG [Shopping] click :login_xpath
2019-09-14 13:24:03,648 DEBUG [Shopping] wait :1000
2019-09-14 13:24:04,661 DEBUG [Shopping] IsElement Present? :userName_xpath
2019-09-14 13:24:04,669 DEBUG [Shopping] -----------ImplicitWait- for 30
2019-09-14 13:24:04,669 DEBUG [Shopping] ------------------------Asserting Test Result----------------------------------
2019-09-14 13:24:04,669 DEBUG [Shopping] Loggedinto flipkart account succesfully
2019-09-14 13:24:04,669 DEBUG [Shopping] wait :5000
2019-09-14 13:24:09,669 DEBUG [Shopping] getting Element :searchProducts_xpath
2019-09-14 13:24:09,670 DEBUG [Shopping] wait :2000
2019-09-14 13:24:11,809 DEBUG [Shopping]  data Entery :searchProducts_xpath
2019-09-14 13:24:11,809 DEBUG [Shopping] wait :1000
2019-09-14 13:24:12,809 DEBUG [Shopping] Enter Keys :ENTER
2019-09-14 13:24:12,809 DEBUG [Shopping] getting Element :searchProducts_xpath
2019-09-14 13:24:12,809 DEBUG [Shopping] wait :2000
2019-09-14 13:24:15,432 DEBUG [Shopping] wait :5000
2019-09-14 13:24:20,432 DEBUG [Shopping] selecting frm drpdwn :setMinPrice_xpath
2019-09-14 13:24:20,432 DEBUG [Shopping] getting Element :setMinPrice_xpath
2019-09-14 13:24:20,433 DEBUG [Shopping] wait :2000
2019-09-14 13:24:52,582 DEBUG [Shopping] Validating runmode for Shopping in suite FlipkartShopping
2019-09-14 13:24:52,756 DEBUG [Shopping] Executing test: Shopping
2019-09-14 13:25:06,764 DEBUG [Shopping] navigate :Mozilla
2019-09-14 13:25:13,873 DEBUG [Shopping] navigate :Flipkart_url
2019-09-14 13:25:13,873 DEBUG [Shopping] wait :5000
2019-09-14 13:25:18,874 DEBUG [Shopping] wait :2000
2019-09-14 13:25:20,875 DEBUG [Shopping] getting Element :username_xpath
2019-09-14 13:25:20,875 DEBUG [Shopping] wait :2000
2019-09-14 13:25:23,223 DEBUG [Shopping]  data Entery :username_xpath
2019-09-14 13:25:23,223 DEBUG [Shopping] getting Element :pwd_xpath
2019-09-14 13:25:23,223 DEBUG [Shopping] wait :2000
2019-09-14 13:25:25,296 DEBUG [Shopping]  data Entery :pwd_xpath
2019-09-14 13:25:25,296 DEBUG [Shopping] getting Element :login_xpath
2019-09-14 13:25:25,296 DEBUG [Shopping] wait :2000
2019-09-14 13:25:32,393 DEBUG [Shopping] click :login_xpath
2019-09-14 13:25:32,393 DEBUG [Shopping] wait :1000
2019-09-14 13:25:33,419 DEBUG [Shopping] IsElement Present? :userName_xpath
2019-09-14 13:25:33,427 DEBUG [Shopping] -----------ImplicitWait- for 30
2019-09-14 13:25:33,427 DEBUG [Shopping] ------------------------Asserting Test Result----------------------------------
2019-09-14 13:25:33,427 DEBUG [Shopping] Loggedinto flipkart account succesfully
2019-09-14 13:25:33,427 DEBUG [Shopping] wait :5000
2019-09-14 13:25:38,430 DEBUG [Shopping] getting Element :searchProducts_xpath
2019-09-14 13:25:38,430 DEBUG [Shopping] wait :2000
2019-09-14 13:25:40,651 DEBUG [Shopping]  data Entery :searchProducts_xpath
2019-09-14 13:25:40,651 DEBUG [Shopping] wait :1000
2019-09-14 13:25:41,652 DEBUG [Shopping] Enter Keys :ENTER
2019-09-14 13:25:41,653 DEBUG [Shopping] getting Element :searchProducts_xpath
2019-09-14 13:25:41,653 DEBUG [Shopping] wait :2000
2019-09-14 13:25:44,977 DEBUG [Shopping] wait :5000
2019-09-14 13:25:49,977 DEBUG [Shopping] selecting frm drpdwn :setMinPrice_xpath
2019-09-14 13:25:49,977 DEBUG [Shopping] getting Element :setMinPrice_xpath
2019-09-14 13:25:49,978 DEBUG [Shopping] wait :2000
2019-09-14 13:25:52,688 DEBUG [Shopping] wait :8000
2019-09-14 13:26:00,740 DEBUG [Shopping] IsElement Present? :Result_xpath
2019-09-14 13:26:00,755 DEBUG [Shopping] -----------ImplicitWait- for 30
2019-09-14 13:26:00,755 DEBUG [Shopping] ------------------------Asserting Test Result----------------------------------
2019-09-14 13:26:00,755 DEBUG [Shopping] convert string to integer:ResultPrice_xpath
2019-09-14 13:26:00,755 DEBUG [Shopping] getting Element :ResultPrice_xpath
2019-09-14 13:26:00,755 DEBUG [Shopping] wait :2000
2019-09-14 13:26:02,823 DEBUG [Shopping] getting Element :ResultPrice_xpath
2019-09-14 13:26:02,823 DEBUG [Shopping] wait :2000
2019-09-14 13:26:04,867 DEBUG [Shopping] -----------ImplicitWait- for 30
2019-09-14 13:26:04,867 DEBUG [Shopping] ------------------------Asserting Test Result----------------------------------
2019-09-14 13:26:04,874 DEBUG [Shopping] quitBrowser :
