2019-09-14 16:27:25,196 DEBUG [Orders] Validating runmode for Orders in suite FlipkartOrders
2019-09-14 16:27:25,694 DEBUG [Orders] Executing test: Orders
2019-09-14 16:27:47,266 DEBUG [Orders] navigate :Mozilla
2019-09-14 16:27:55,883 DEBUG [Orders] navigate :Flipkart_url
2019-09-14 16:27:55,883 DEBUG [Orders] wait :5000
2019-09-14 16:28:00,883 DEBUG [Orders] wait :2000
2019-09-14 16:28:02,884 DEBUG [Orders] getting Element :username_xpath
2019-09-14 16:28:02,884 DEBUG [Orders] wait :2000
2019-09-14 16:28:10,333 DEBUG [Orders] Validating runmode for Orders in suite FlipkartOrders
2019-09-14 16:28:10,486 DEBUG [Orders] Executing test: Orders
2019-09-14 16:28:24,071 DEBUG [Orders] navigate :Mozilla
2019-09-14 16:28:31,949 DEBUG [Orders] navigate :Flipkart_url
2019-09-14 16:28:31,949 DEBUG [Orders] wait :5000
2019-09-14 16:28:36,949 DEBUG [Orders] wait :2000
2019-09-14 16:28:38,949 DEBUG [Orders] getting Element :username_xpath
2019-09-14 16:28:38,949 DEBUG [Orders] wait :2000
2019-09-14 16:28:41,581 DEBUG [Orders]  data Entery :username_xpath
2019-09-14 16:28:41,582 DEBUG [Orders] getting Element :pwd_xpath
2019-09-14 16:28:41,582 DEBUG [Orders] wait :2000
2019-09-14 16:28:43,670 DEBUG [Orders]  data Entery :pwd_xpath
2019-09-14 16:28:43,670 DEBUG [Orders] getting Element :login_xpath
2019-09-14 16:28:43,670 DEBUG [Orders] wait :2000
2019-09-14 16:28:51,324 DEBUG [Orders] click :login_xpath
2019-09-14 16:28:51,324 DEBUG [Orders] wait :1000
2019-09-14 16:28:52,395 DEBUG [Orders] IsElement Present? :userName_xpath
2019-09-14 16:28:52,416 DEBUG [Orders] -----------ImplicitWait- for 30
2019-09-14 16:28:52,417 DEBUG [Orders] ------------------------Asserting Test Result----------------------------------
2019-09-14 16:28:52,424 DEBUG [Orders] Loggedinto flipkart account succesfully
2019-09-14 16:28:52,424 DEBUG [Orders] wait :5000
2019-09-14 16:28:57,426 DEBUG [Orders] moveToElementClick :Account_xpath
2019-09-14 16:28:57,435 DEBUG [Orders] getting Element :Account_xpath
2019-09-14 16:28:57,435 DEBUG [Orders] wait :2000
2019-09-14 16:28:59,710 DEBUG [Orders] getting Element :orders_xpath
2019-09-14 16:28:59,710 DEBUG [Orders] wait :2000
2019-09-14 16:29:02,275 DEBUG [Orders] wait :5000
2019-09-14 16:29:07,495 DEBUG [Orders] -----------ImplicitWait- for 30
2019-09-14 16:29:07,495 DEBUG [Orders] ------------------------Asserting Test Result----------------------------------
2019-09-14 16:29:07,503 DEBUG [Orders] Validating runmode for Orders in suite FlipkartOrders
2019-09-14 16:29:07,675 DEBUG [Orders] Executing test: Orders
2019-09-14 16:29:26,126 DEBUG [Orders] navigate :Mozilla
2019-09-14 16:29:39,184 DEBUG [Orders] navigate :Flipkart_url
2019-09-14 16:29:39,184 DEBUG [Orders] wait :5000
2019-09-14 16:29:44,184 DEBUG [Orders] wait :2000
2019-09-14 16:29:46,184 DEBUG [Orders] getting Element :username_xpath
2019-09-14 16:29:46,184 DEBUG [Orders] wait :2000
2019-09-14 16:29:48,469 DEBUG [Orders]  data Entery :username_xpath
2019-09-14 16:29:48,469 DEBUG [Orders] getting Element :pwd_xpath
2019-09-14 16:29:48,471 DEBUG [Orders] wait :2000
2019-09-14 16:29:50,677 DEBUG [Orders]  data Entery :pwd_xpath
2019-09-14 16:29:50,677 DEBUG [Orders] getting Element :login_xpath
2019-09-14 16:29:50,678 DEBUG [Orders] wait :2000
2019-09-14 16:29:56,456 DEBUG [Orders] click :login_xpath
2019-09-14 16:29:56,457 DEBUG [Orders] wait :1000
2019-09-14 16:29:57,496 DEBUG [Orders] IsElement Present? :userName_xpath
2019-09-14 16:29:57,529 DEBUG [Orders] -----------ImplicitWait- for 30
2019-09-14 16:29:57,530 DEBUG [Orders] ------------------------Asserting Test Result----------------------------------
2019-09-14 16:29:57,530 DEBUG [Orders] Loggedinto flipkart account succesfully
2019-09-14 16:29:57,530 DEBUG [Orders] wait :5000
2019-09-14 16:30:02,530 DEBUG [Orders] moveToElementClick :Account_xpath
2019-09-14 16:30:02,531 DEBUG [Orders] getting Element :Account_xpath
2019-09-14 16:30:02,532 DEBUG [Orders] wait :2000
2019-09-14 16:30:04,919 DEBUG [Orders] getting Element :orders_xpath
2019-09-14 16:30:04,920 DEBUG [Orders] wait :2000
2019-09-14 16:30:07,342 DEBUG [Orders] wait :5000
2019-09-14 16:30:12,981 DEBUG [Orders] -----------ImplicitWait- for 30
2019-09-14 16:30:12,982 DEBUG [Orders] ------------------------Asserting Test Result----------------------------------
2019-09-14 16:30:13,030 DEBUG [Orders] quitBrowser :
