2019-09-14 17:04:51,295 DEBUG [Orders] Validating runmode for Orders in suite FlipkartOrders
2019-09-14 17:04:51,404 DEBUG [Orders] Executing test: Orders
2019-09-14 17:05:01,736 DEBUG [Orders] navigate :Chrome
2019-09-14 17:05:07,036 DEBUG [Orders] navigate :Flipkart_url
2019-09-14 17:05:07,036 DEBUG [Orders] wait :5000
2019-09-14 17:05:12,036 DEBUG [Orders] wait :2000
2019-09-14 17:05:14,036 DEBUG [Orders] getting Element :username_xpath
2019-09-14 17:05:14,036 DEBUG [Orders] wait :2000
2019-09-14 17:05:16,540 DEBUG [Orders]  data Entery :username_xpath
2019-09-14 17:05:16,541 DEBUG [Orders] getting Element :pwd_xpath
2019-09-14 17:05:16,541 DEBUG [Orders] wait :2000
2019-09-14 17:05:18,693 DEBUG [Orders]  data Entery :pwd_xpath
2019-09-14 17:05:18,693 DEBUG [Orders] getting Element :login_xpath
2019-09-14 17:05:18,694 DEBUG [Orders] wait :2000
2019-09-14 17:05:20,798 DEBUG [Orders] click :login_xpath
2019-09-14 17:05:20,798 DEBUG [Orders] wait :1000
2019-09-14 17:05:23,737 DEBUG [Orders] IsElement Present? :userName_xpath
2019-09-14 17:05:23,741 DEBUG [Orders] -----------ImplicitWait- for 30
2019-09-14 17:05:23,741 DEBUG [Orders] ------------------------Asserting Test Result----------------------------------
2019-09-14 17:05:23,741 DEBUG [Orders] Loggedinto flipkart account succesfully
2019-09-14 17:05:23,741 DEBUG [Orders] wait :5000
2019-09-14 17:05:28,743 DEBUG [Orders] moveToElementClick :Account_xpath
2019-09-14 17:05:29,258 DEBUG [Orders] getting Element :Account_xpath
2019-09-14 17:05:29,258 DEBUG [Orders] wait :2000
2019-09-14 17:05:32,600 DEBUG [Orders] getting Element :orders_xpath
2019-09-14 17:05:32,600 DEBUG [Orders] wait :2000
2019-09-14 17:05:34,791 DEBUG [Orders] wait :5000
2019-09-14 17:05:39,965 DEBUG [Orders] -----------ImplicitWait- for 30
2019-09-14 17:05:39,965 DEBUG [Orders] ------------------------Asserting Test Result----------------------------------
2019-09-14 17:05:39,972 DEBUG [Orders] Validating runmode for Orders in suite FlipkartOrders
2019-09-14 17:05:40,050 DEBUG [Orders] Executing test: Orders
2019-09-14 17:05:55,853 DEBUG [Orders] navigate :Chrome
2019-09-14 17:06:12,046 DEBUG [Orders] navigate :Flipkart_url
2019-09-14 17:06:12,046 DEBUG [Orders] wait :5000
2019-09-14 17:06:17,047 DEBUG [Orders] wait :2000
2019-09-14 17:06:19,047 DEBUG [Orders] getting Element :username_xpath
2019-09-14 17:06:19,047 DEBUG [Orders] wait :2000
2019-09-14 17:06:22,789 DEBUG [Orders]  data Entery :username_xpath
2019-09-14 17:06:22,789 DEBUG [Orders] getting Element :pwd_xpath
2019-09-14 17:06:22,789 DEBUG [Orders] wait :2000
2019-09-14 17:06:25,012 DEBUG [Orders]  data Entery :pwd_xpath
2019-09-14 17:06:25,012 DEBUG [Orders] getting Element :login_xpath
2019-09-14 17:06:25,012 DEBUG [Orders] wait :2000
2019-09-14 17:06:27,360 DEBUG [Orders] click :login_xpath
2019-09-14 17:06:27,361 DEBUG [Orders] wait :1000
2019-09-14 17:06:33,557 DEBUG [Orders] IsElement Present? :userName_xpath
2019-09-14 17:06:33,575 DEBUG [Orders] -----------ImplicitWait- for 30
2019-09-14 17:06:33,575 DEBUG [Orders] ------------------------Asserting Test Result----------------------------------
2019-09-14 17:06:33,575 DEBUG [Orders] Loggedinto flipkart account succesfully
2019-09-14 17:06:33,575 DEBUG [Orders] wait :5000
2019-09-14 17:06:38,576 DEBUG [Orders] moveToElementClick :Account_xpath
2019-09-14 17:06:38,576 DEBUG [Orders] getting Element :Account_xpath
2019-09-14 17:06:38,576 DEBUG [Orders] wait :2000
2019-09-14 17:06:41,240 DEBUG [Orders] getting Element :orders_xpath
2019-09-14 17:06:41,240 DEBUG [Orders] wait :2000
2019-09-14 17:06:43,549 DEBUG [Orders] wait :5000
2019-09-14 17:06:48,750 DEBUG [Orders] -----------ImplicitWait- for 30
2019-09-14 17:06:48,750 DEBUG [Orders] ------------------------Asserting Test Result----------------------------------
2019-09-14 17:06:48,752 DEBUG [Orders] Validating runmode for Orders in suite FlipkartOrders
2019-09-14 17:06:49,012 DEBUG [Orders] Executing test: Orders
2019-09-14 17:07:08,023 DEBUG [Orders] navigate :Chrome
2019-09-14 17:07:31,774 DEBUG [Orders] navigate :Flipkart_url
2019-09-14 17:07:31,774 DEBUG [Orders] wait :5000
2019-09-14 17:07:36,774 DEBUG [Orders] wait :2000
2019-09-14 17:07:38,774 DEBUG [Orders] getting Element :username_xpath
2019-09-14 17:07:38,774 DEBUG [Orders] wait :2000
2019-09-14 17:07:41,140 DEBUG [Orders]  data Entery :username_xpath
2019-09-14 17:07:41,141 DEBUG [Orders] getting Element :pwd_xpath
2019-09-14 17:07:41,141 DEBUG [Orders] wait :2000
2019-09-14 17:07:43,911 DEBUG [Orders]  data Entery :pwd_xpath
2019-09-14 17:07:43,911 DEBUG [Orders] getting Element :login_xpath
2019-09-14 17:07:43,911 DEBUG [Orders] wait :2000
2019-09-14 17:07:46,111 DEBUG [Orders] click :login_xpath
2019-09-14 17:07:46,111 DEBUG [Orders] wait :1000
2019-09-14 17:07:50,431 DEBUG [Orders] IsElement Present? :userName_xpath
2019-09-14 17:07:50,434 DEBUG [Orders] -----------ImplicitWait- for 30
2019-09-14 17:07:50,434 DEBUG [Orders] ------------------------Asserting Test Result----------------------------------
2019-09-14 17:07:50,434 DEBUG [Orders] Loggedinto flipkart account succesfully
2019-09-14 17:07:50,434 DEBUG [Orders] wait :5000
2019-09-14 17:07:55,434 DEBUG [Orders] moveToElementClick :Account_xpath
2019-09-14 17:07:55,434 DEBUG [Orders] getting Element :Account_xpath
2019-09-14 17:07:55,434 DEBUG [Orders] wait :2000
2019-09-14 17:07:57,826 DEBUG [Orders] getting Element :orders_xpath
2019-09-14 17:07:57,827 DEBUG [Orders] wait :2000
2019-09-14 17:08:00,020 DEBUG [Orders] wait :5000
2019-09-14 17:08:05,609 DEBUG [Orders] -----------ImplicitWait- for 30
2019-09-14 17:08:05,609 DEBUG [Orders] ------------------------Asserting Test Result----------------------------------
2019-09-14 17:08:06,450 DEBUG [Orders] quitBrowser :
