2019-09-14 12:24:53,734 DEBUG [Shopping] Validating runmode for Shopping in suite FlipkartShopping
2019-09-14 12:24:54,339 DEBUG [Shopping] Executing test: Shopping
2019-09-14 12:25:24,065 DEBUG [Shopping] navigate :Mozilla
2019-09-14 12:25:32,877 DEBUG [Shopping] navigate :Flipkart_url
2019-09-14 12:25:32,877 DEBUG [Shopping] wait :5000
2019-09-14 12:25:37,880 DEBUG [Shopping] wait :2000
2019-09-14 12:25:39,887 DEBUG [Shopping] getting Element :username_xpath
2019-09-14 12:25:39,887 DEBUG [Shopping] wait :2000
2019-09-14 12:25:42,279 DEBUG [Shopping]  data Entery :username_xpath
2019-09-14 12:25:42,279 DEBUG [Shopping] getting Element :pwd_xpath
2019-09-14 12:25:42,279 DEBUG [Shopping] wait :2000
2019-09-14 12:25:44,433 DEBUG [Shopping]  data Entery :pwd_xpath
2019-09-14 12:25:44,433 DEBUG [Shopping] getting Element :login_xpath
2019-09-14 12:25:44,433 DEBUG [Shopping] wait :2000
2019-09-14 12:25:49,314 DEBUG [Shopping] click :login_xpath
2019-09-14 12:25:49,314 DEBUG [Shopping] wait :1000
2019-09-14 12:25:50,415 DEBUG [Shopping] IsElement Present? :userName_xpath
2019-09-14 12:25:50,445 DEBUG [Shopping] -----------ImplicitWait- for 30
2019-09-14 12:25:50,445 DEBUG [Shopping] ------------------------Asserting Test Result----------------------------------
2019-09-14 12:25:50,459 DEBUG [Shopping] Loggedinto flipkart account succesfully
2019-09-14 12:25:50,459 DEBUG [Shopping] wait :5000
2019-09-14 12:25:55,464 DEBUG [Shopping] getting Element :searchProducts_xpath
2019-09-14 12:25:55,464 DEBUG [Shopping] wait :2000
2019-09-14 12:25:57,691 DEBUG [Shopping]  data Entery :searchProducts_xpath
2019-09-14 12:25:57,691 DEBUG [Shopping] wait :1000
2019-09-14 12:25:58,691 DEBUG [Shopping] Enter Keys :ENTER
2019-09-14 12:25:58,691 DEBUG [Shopping] getting Element :searchProducts_xpath
2019-09-14 12:25:58,691 DEBUG [Shopping] wait :2000
2019-09-14 12:26:01,069 DEBUG [Shopping] wait :5000
2019-09-14 12:26:06,069 DEBUG [Shopping] selecting frm drpdwn :setMinPrice_xpath
2019-09-14 12:26:06,095 DEBUG [Shopping] getting Element :setMinPrice_xpath
2019-09-14 12:26:06,095 DEBUG [Shopping] wait :2000
2019-09-14 12:26:08,869 DEBUG [Shopping] wait :8000
2019-09-14 12:26:16,941 DEBUG [Shopping] IsElement Present? :Result_xpath
2019-09-14 12:26:16,951 DEBUG [Shopping] -----------ImplicitWait- for 30
2019-09-14 12:26:16,951 DEBUG [Shopping] ------------------------Asserting Test Result----------------------------------
2019-09-14 12:26:16,951 DEBUG [Shopping] convert string to integer:ResultPrice_xpath
2019-09-14 12:26:16,951 DEBUG [Shopping] getting Element :ResultPrice_xpath
2019-09-14 12:26:16,951 DEBUG [Shopping] wait :2000
2019-09-14 12:26:19,005 DEBUG [Shopping] getting Element :ResultPrice_xpath
2019-09-14 12:26:19,005 DEBUG [Shopping] wait :2000
2019-09-14 12:26:21,059 DEBUG [Shopping] -----------ImplicitWait- for 30
2019-09-14 12:26:21,059 DEBUG [Shopping] ------------------------Asserting Test Result----------------------------------
2019-09-14 12:26:21,110 DEBUG [Shopping] Validating runmode for Shopping in suite FlipkartShopping
2019-09-14 12:26:21,283 DEBUG [Shopping] Executing test: Shopping
2019-09-14 12:26:46,837 DEBUG [Shopping] navigate :Mozilla
2019-09-14 12:26:56,372 DEBUG [Shopping] navigate :Flipkart_url
2019-09-14 12:26:56,372 DEBUG [Shopping] wait :5000
2019-09-14 12:27:01,375 DEBUG [Shopping] wait :2000
2019-09-14 12:27:03,376 DEBUG [Shopping] getting Element :username_xpath
2019-09-14 12:27:03,376 DEBUG [Shopping] wait :2000
2019-09-14 12:27:14,880 DEBUG [Shopping] Validating runmode for Shopping in suite FlipkartShopping
2019-09-14 12:27:15,409 DEBUG [Shopping] Executing test: Shopping
2019-09-14 12:27:34,932 DEBUG [Shopping] navigate :Mozilla
2019-09-14 12:27:44,317 DEBUG [Shopping] navigate :Flipkart_url
2019-09-14 12:27:44,318 DEBUG [Shopping] wait :5000
2019-09-14 12:27:49,325 DEBUG [Shopping] wait :2000
2019-09-14 12:27:51,326 DEBUG [Shopping] getting Element :username_xpath
2019-09-14 12:27:51,326 DEBUG [Shopping] wait :2000
2019-09-14 12:27:53,580 DEBUG [Shopping]  data Entery :username_xpath
2019-09-14 12:27:53,580 DEBUG [Shopping] getting Element :pwd_xpath
2019-09-14 12:27:53,580 DEBUG [Shopping] wait :2000
2019-09-14 12:27:55,795 DEBUG [Shopping]  data Entery :pwd_xpath
2019-09-14 12:27:55,795 DEBUG [Shopping] getting Element :login_xpath
2019-09-14 12:27:55,796 DEBUG [Shopping] wait :2000
2019-09-14 12:28:01,345 DEBUG [Shopping] click :login_xpath
2019-09-14 12:28:01,345 DEBUG [Shopping] wait :1000
2019-09-14 12:28:02,395 DEBUG [Shopping] IsElement Present? :userName_xpath
2019-09-14 12:28:02,415 DEBUG [Shopping] -----------ImplicitWait- for 30
2019-09-14 12:28:02,416 DEBUG [Shopping] ------------------------Asserting Test Result----------------------------------
2019-09-14 12:28:02,416 DEBUG [Shopping] Loggedinto flipkart account succesfully
2019-09-14 12:28:02,416 DEBUG [Shopping] wait :5000
2019-09-14 12:28:07,419 DEBUG [Shopping] getting Element :searchProducts_xpath
2019-09-14 12:28:07,419 DEBUG [Shopping] wait :2000
2019-09-14 12:28:09,598 DEBUG [Shopping]  data Entery :searchProducts_xpath
2019-09-14 12:28:09,598 DEBUG [Shopping] wait :1000
2019-09-14 12:28:10,600 DEBUG [Shopping] Enter Keys :ENTER
2019-09-14 12:28:10,600 DEBUG [Shopping] getting Element :searchProducts_xpath
2019-09-14 12:28:10,600 DEBUG [Shopping] wait :2000
2019-09-14 12:28:12,922 DEBUG [Shopping] wait :5000
2019-09-14 12:28:17,922 DEBUG [Shopping] selecting frm drpdwn :setMinPrice_xpath
2019-09-14 12:28:17,922 DEBUG [Shopping] getting Element :setMinPrice_xpath
2019-09-14 12:28:17,922 DEBUG [Shopping] wait :2000
2019-09-14 12:28:20,584 DEBUG [Shopping] wait :8000
2019-09-14 12:28:28,678 DEBUG [Shopping] IsElement Present? :Result_xpath
2019-09-14 12:28:28,698 DEBUG [Shopping] -----------ImplicitWait- for 30
2019-09-14 12:28:28,698 DEBUG [Shopping] ------------------------Asserting Test Result----------------------------------
2019-09-14 12:28:28,698 DEBUG [Shopping] convert string to integer:ResultPrice_xpath
2019-09-14 12:28:28,698 DEBUG [Shopping] getting Element :ResultPrice_xpath
2019-09-14 12:28:28,698 DEBUG [Shopping] wait :2000
2019-09-14 12:28:30,787 DEBUG [Shopping] getting Element :ResultPrice_xpath
2019-09-14 12:28:30,787 DEBUG [Shopping] wait :2000
2019-09-14 12:28:32,830 DEBUG [Shopping] -----------ImplicitWait- for 30
2019-09-14 12:28:32,830 DEBUG [Shopping] ------------------------Asserting Test Result----------------------------------
2019-09-14 12:28:32,857 DEBUG [Shopping] quitBrowser :
